# JRE version: Java(TM) SE Runtime Environment (8.0_51-b16) (build 1.8.0_51-b16)
# Java VM: Java HotSpot(TM) 64-Bit Server VM (25.51-b03 mixed mode windows-amd64 compressed oops)
Heap:
 PSYoungGen      total 563712K, used 177282K [0x00000000d5f00000, 0x0000000100000000, 0x0000000100000000)
  eden space 438272K, 12% used [0x00000000d5f00000,0x00000000d93ca3a0,0x00000000f0b00000)
  from space 125440K, 98% used [0x00000000f0b00000,0x00000000f8356568,0x00000000f8580000)
  to   space 125440K, 0% used [0x00000000f8580000,0x00000000f8580000,0x0000000100000000)
 ParOldGen       total 789504K, used 555538K [0x0000000081c00000, 0x00000000b1f00000, 0x00000000d5f00000)
  object space 789504K, 70% used [0x0000000081c00000,0x00000000a3a84928,0x00000000b1f00000)
 Metaspace       used 29175K, capacity 30228K, committed 30384K, reserved 1075200K
  class space    used 3953K, capacity 4182K, committed 4272K, reserved 1048576K
GC Heap History (10 events):
Event: 8.247 GC heap before
{Heap before GC invocations=14 (full 1):
 PSYoungGen      total 685568K, used 3553K [0x00000000d5f00000, 0x0000000100000000, 0x0000000100000000)
  eden space 681984K, 0% used [0x00000000d5f00000,0x00000000d5f00000,0x00000000ff900000)
  from space 3584K, 99% used [0x00000000ff900000,0x00000000ffc78438,0x00000000ffc80000)
  to   space 3584K, 0% used [0x00000000ffc80000,0x00000000ffc80000,0x0000000100000000)
 ParOldGen       total 297472K, used 297469K [0x0000000081c00000, 0x0000000093e80000, 0x00000000d5f00000)
  object space 297472K, 99% used [0x0000000081c00000,0x0000000093e7f6f8,0x0000000093e80000)
 Metaspace       used 20722K, capacity 21160K, committed 21296K, reserved 1067008K
  class space    used 2743K, capacity 2858K, committed 2864K, reserved 1048576K
Event: 8.342 GC heap after
Heap after GC invocations=14 (full 1):
 PSYoungGen      total 685568K, used 3537K [0x00000000d5f00000, 0x0000000100000000, 0x0000000100000000)
  eden space 681984K, 0% used [0x00000000d5f00000,0x00000000d5f00000,0x00000000ff900000)
  from space 3584K, 98% used [0x00000000ff900000,0x00000000ffc74490,0x00000000ffc80000)
  to   space 3584K, 0% used [0x00000000ffc80000,0x00000000ffc80000,0x0000000100000000)
 ParOldGen       total 448000K, used 297240K [0x0000000081c00000, 0x000000009d180000, 0x00000000d5f00000)
  object space 448000K, 66% used [0x0000000081c00000,0x0000000093e46010,0x000000009d180000)
 Metaspace       used 20722K, capacity 21160K, committed 21296K, reserved 1067008K
  class space    used 2743K, capacity 2858K, committed 2864K, reserved 1048576K
}
Event: 12.637 GC heap before
{Heap before GC invocations=15 (full 1):
 PSYoungGen      total 685568K, used 684790K [0x00000000d5f00000, 0x0000000100000000, 0x0000000100000000)
  eden space 681984K, 99% used [0x00000000d5f00000,0x00000000ff849488,0x00000000ff900000)
  from space 3584K, 98% used [0x00000000ff900000,0x00000000ffc74490,0x00000000ffc80000)
  to   space 3584K, 0% used [0x00000000ffc80000,0x00000000ffc80000,0x0000000100000000)
 ParOldGen       total 448000K, used 297240K [0x0000000081c00000, 0x000000009d180000, 0x00000000d5f00000)
  object space 448000K, 66% used [0x0000000081c00000,0x0000000093e46010,0x000000009d180000)
 Metaspace       used 25785K, capacity 26606K, committed 26800K, reserved 1073152K
  class space    used 3459K, capacity 3675K, committed 3760K, reserved 1048576K
Event: 12.690 GC heap after
Heap after GC invocations=15 (full 1):
 PSYoungGen      total 441856K, used 3583K [0x00000000d5f00000, 0x0000000100000000, 0x0000000100000000)
  eden space 438272K, 0% used [0x00000000d5f00000,0x00000000d5f00000,0x00000000f0b00000)
  from space 3584K, 99% used [0x00000000ffc80000,0x00000000fffffdf0,0x0000000100000000)
  to   space 125440K, 0% used [0x00000000f0b00000,0x00000000f0b00000,0x00000000f8580000)
 ParOldGen       total 448000K, used 379594K [0x0000000081c00000, 0x000000009d180000, 0x00000000d5f00000)
  object space 448000K, 84% used [0x0000000081c00000,0x0000000098eb2a20,0x000000009d180000)
 Metaspace       used 25785K, capacity 26606K, committed 26800K, reserved 1073152K
  class space    used 3459K, capacity 3675K, committed 3760K, reserved 1048576K
}
Event: 12.690 GC heap before
{Heap before GC invocations=16 (full 2):
 PSYoungGen      total 441856K, used 3583K [0x00000000d5f00000, 0x0000000100000000, 0x0000000100000000)
  eden space 438272K, 0% used [0x00000000d5f00000,0x00000000d5f00000,0x00000000f0b00000)
  from space 3584K, 99% used [0x00000000ffc80000,0x00000000fffffdf0,0x0000000100000000)
  to   space 125440K, 0% used [0x00000000f0b00000,0x00000000f0b00000,0x00000000f8580000)
 ParOldGen       total 448000K, used 379594K [0x0000000081c00000, 0x000000009d180000, 0x00000000d5f00000)
  object space 448000K, 84% used [0x0000000081c00000,0x0000000098eb2a20,0x000000009d180000)
 Metaspace       used 25785K, capacity 26606K, committed 26800K, reserved 1073152K
  class space    used 3459K, capacity 3675K, committed 3760K, reserved 1048576K
Event: 12.785 GC heap after
Heap after GC invocations=16 (full 2):
 PSYoungGen      total 441856K, used 0K [0x00000000d5f00000, 0x0000000100000000, 0x0000000100000000)
  eden space 438272K, 0% used [0x00000000d5f00000,0x00000000d5f00000,0x00000000f0b00000)
  from space 3584K, 0% used [0x00000000ffc80000,0x00000000ffc80000,0x0000000100000000)
  to   space 125440K, 0% used [0x00000000f0b00000,0x00000000f0b00000,0x00000000f8580000)
 ParOldGen       total 557056K, used 381850K [0x0000000081c00000, 0x00000000a3c00000, 0x00000000d5f00000)
  object space 557056K, 68% used [0x0000000081c00000,0x00000000990e6ab8,0x00000000a3c00000)
 Metaspace       used 25785K, capacity 26606K, committed 26800K, reserved 1073152K
  class space    used 3459K, capacity 3675K, committed 3760K, reserved 1048576K
}
Event: 17.482 GC heap before
{Heap before GC invocations=17 (full 2):
 PSYoungGen      total 441856K, used 437110K [0x00000000d5f00000, 0x0000000100000000, 0x0000000100000000)
  eden space 438272K, 99% used [0x00000000d5f00000,0x00000000f09dd850,0x00000000f0b00000)
  from space 3584K, 0% used [0x00000000ffc80000,0x00000000ffc80000,0x0000000100000000)
  to   space 125440K, 0% used [0x00000000f0b00000,0x00000000f0b00000,0x00000000f8580000)
 ParOldGen       total 557056K, used 381850K [0x0000000081c00000, 0x00000000a3c00000, 0x00000000d5f00000)
  object space 557056K, 68% used [0x0000000081c00000,0x00000000990e6ab8,0x00000000a3c00000)
 Metaspace       used 29100K, capacity 30144K, committed 30384K, reserved 1075200K
  class space    used 3952K, capacity 4182K, committed 4272K, reserved 1048576K
Event: 17.542 GC heap after
Heap after GC invocations=17 (full 2):
 PSYoungGen      total 563712K, used 125415K [0x00000000d5f00000, 0x0000000100000000, 0x0000000100000000)
  eden space 438272K, 0% used [0x00000000d5f00000,0x00000000d5f00000,0x00000000f0b00000)
  from space 125440K, 99% used [0x00000000f0b00000,0x00000000f8579c10,0x00000000f8580000)
  to   space 125440K, 0% used [0x00000000f8580000,0x00000000f8580000,0x0000000100000000)
 ParOldGen       total 557056K, used 555080K [0x0000000081c00000, 0x00000000a3c00000, 0x00000000d5f00000)
  object space 557056K, 99% used [0x0000000081c00000,0x00000000a3a12028,0x00000000a3c00000)
 Metaspace       used 29100K, capacity 30144K, committed 30384K, reserved 1075200K
  class space    used 3952K, capacity 4182K, committed 4272K, reserved 1048576K
}
Event: 17.542 GC heap before
{Heap before GC invocations=18 (full 3):
 PSYoungGen      total 563712K, used 125415K [0x00000000d5f00000, 0x0000000100000000, 0x0000000100000000)
  eden space 438272K, 0% used [0x00000000d5f00000,0x00000000d5f00000,0x00000000f0b00000)
  from space 125440K, 99% used [0x00000000f0b00000,0x00000000f8579c10,0x00000000f8580000)
  to   space 125440K, 0% used [0x00000000f8580000,0x00000000f8580000,0x0000000100000000)
 ParOldGen       total 557056K, used 555080K [0x0000000081c00000, 0x00000000a3c00000, 0x00000000d5f00000)
  object space 557056K, 99% used [0x0000000081c00000,0x00000000a3a12028,0x00000000a3c00000)
 Metaspace       used 29100K, capacity 30144K, committed 30384K, reserved 1075200K
  class space    used 3952K, capacity 4182K, committed 4272K, reserved 1048576K
Event: 17.791 GC heap after
Heap after GC invocations=18 (full 3):
 PSYoungGen      total 563712K, used 123225K [0x00000000d5f00000, 0x0000000100000000, 0x0000000100000000)
  eden space 438272K, 0% used [0x00000000d5f00000,0x00000000d5f00000,0x00000000f0b00000)
  from space 125440K, 98% used [0x00000000f0b00000,0x00000000f8356568,0x00000000f8580000)
  to   space 125440K, 0% used [0x00000000f8580000,0x00000000f8580000,0x0000000100000000)
 ParOldGen       total 789504K, used 555538K [0x0000000081c00000, 0x00000000b1f00000, 0x00000000d5f00000)
  object space 789504K, 70% used [0x0000000081c00000,0x00000000a3a84928,0x00000000b1f00000)
 Metaspace       used 29100K, capacity 30144K, committed 30384K, reserved 1075200K
  class space    used 3952K, capacity 4182K, committed 4272K, reserved 1048576K
}

