# JRE version: Java(TM) SE Runtime Environment (8.0_51-b16) (build 1.8.0_51-b16)
# Java VM: Java HotSpot(TM) 64-Bit Server VM (25.51-b03 mixed mode windows-amd64 compressed oops)
Heap:
 PSYoungGen      total 392704K, used 216492K [0x00000000d5f00000, 0x0000000100000000, 0x0000000100000000)
  eden space 379904K, 54% used [0x00000000d5f00000,0x00000000e297a010,0x00000000ed200000)
  from space 12800K, 71% used [0x00000000ff380000,0x00000000ffc711c0,0x0000000100000000)
  to   space 154624K, 0% used [0x00000000ed200000,0x00000000ed200000,0x00000000f6900000)
 ParOldGen       total 699392K, used 699215K [0x0000000081c00000, 0x00000000ac700000, 0x00000000d5f00000)
  object space 699392K, 99% used [0x0000000081c00000,0x00000000ac6d3c40,0x00000000ac700000)
 Metaspace       used 29649K, capacity 30718K, committed 30896K, reserved 1075200K
  class space    used 3957K, capacity 4183K, committed 4272K, reserved 1048576K
GC Heap History (10 events):
Event: 8.041 GC heap before
{Heap before GC invocations=16 (full 2):
 PSYoungGen      total 667648K, used 4089K [0x00000000d5f00000, 0x0000000100000000, 0x0000000100000000)
  eden space 663552K, 0% used [0x00000000d5f00000,0x00000000d5f00000,0x00000000fe700000)
  from space 4096K, 99% used [0x00000000ffc00000,0x00000000ffffe448,0x0000000100000000)
  to   space 12800K, 0% used [0x00000000fe700000,0x00000000fe700000,0x00000000ff380000)
 ParOldGen       total 426496K, used 297775K [0x0000000081c00000, 0x000000009bc80000, 0x00000000d5f00000)
  object space 426496K, 69% used [0x0000000081c00000,0x0000000093ecbea8,0x000000009bc80000)
 Metaspace       used 20703K, capacity 21168K, committed 21296K, reserved 1067008K
  class space    used 2743K, capacity 2858K, committed 2864K, reserved 1048576K
Event: 8.079 GC heap after
Heap after GC invocations=16 (full 2):
 PSYoungGen      total 667648K, used 0K [0x00000000d5f00000, 0x0000000100000000, 0x0000000100000000)
  eden space 663552K, 0% used [0x00000000d5f00000,0x00000000d5f00000,0x00000000fe700000)
  from space 4096K, 0% used [0x00000000ffc00000,0x00000000ffc00000,0x0000000100000000)
  to   space 12800K, 0% used [0x00000000fe700000,0x00000000fe700000,0x00000000ff380000)
 ParOldGen       total 464384K, used 300783K [0x0000000081c00000, 0x000000009e180000, 0x00000000d5f00000)
  object space 464384K, 64% used [0x0000000081c00000,0x00000000941bbcf0,0x000000009e180000)
 Metaspace       used 20703K, capacity 21168K, committed 21296K, reserved 1067008K
  class space    used 2743K, capacity 2858K, committed 2864K, reserved 1048576K
}
Event: 26.796 GC heap before
{Heap before GC invocations=17 (full 2):
 PSYoungGen      total 667648K, used 663552K [0x00000000d5f00000, 0x0000000100000000, 0x0000000100000000)
  eden space 663552K, 100% used [0x00000000d5f00000,0x00000000fe700000,0x00000000fe700000)
  from space 4096K, 0% used [0x00000000ffc00000,0x00000000ffc00000,0x0000000100000000)
  to   space 12800K, 0% used [0x00000000fe700000,0x00000000fe700000,0x00000000ff380000)
 ParOldGen       total 464384K, used 300783K [0x0000000081c00000, 0x000000009e180000, 0x00000000d5f00000)
  object space 464384K, 64% used [0x0000000081c00000,0x00000000941bbcf0,0x000000009e180000)
 Metaspace       used 26413K, capacity 27288K, committed 27568K, reserved 1073152K
  class space    used 3486K, capacity 3676K, committed 3760K, reserved 1048576K
Event: 26.822 GC heap after
Heap after GC invocations=17 (full 2):
 PSYoungGen      total 676352K, used 12797K [0x00000000d5f00000, 0x0000000100000000, 0x0000000100000000)
  eden space 663552K, 0% used [0x00000000d5f00000,0x00000000d5f00000,0x00000000fe700000)
  from space 12800K, 99% used [0x00000000fe700000,0x00000000ff37f418,0x00000000ff380000)
  to   space 12800K, 0% used [0x00000000ff380000,0x00000000ff380000,0x0000000100000000)
 ParOldGen       total 464384K, used 386393K [0x0000000081c00000, 0x000000009e180000, 0x00000000d5f00000)
  object space 464384K, 83% used [0x0000000081c00000,0x00000000995567f0,0x000000009e180000)
 Metaspace       used 26413K, capacity 27288K, committed 27568K, reserved 1073152K
  class space    used 3486K, capacity 3676K, committed 3760K, reserved 1048576K
}
Event: 26.822 GC heap before
{Heap before GC invocations=18 (full 3):
 PSYoungGen      total 676352K, used 12797K [0x00000000d5f00000, 0x0000000100000000, 0x0000000100000000)
  eden space 663552K, 0% used [0x00000000d5f00000,0x00000000d5f00000,0x00000000fe700000)
  from space 12800K, 99% used [0x00000000fe700000,0x00000000ff37f418,0x00000000ff380000)
  to   space 12800K, 0% used [0x00000000ff380000,0x00000000ff380000,0x0000000100000000)
 ParOldGen       total 464384K, used 386393K [0x0000000081c00000, 0x000000009e180000, 0x00000000d5f00000)
  object space 464384K, 83% used [0x0000000081c00000,0x00000000995567f0,0x000000009e180000)
 Metaspace       used 26413K, capacity 27288K, committed 27568K, reserved 1073152K
  class space    used 3486K, capacity 3676K, committed 3760K, reserved 1048576K
Event: 26.997 GC heap after
Heap after GC invocations=18 (full 3):
 PSYoungGen      total 676352K, used 0K [0x00000000d5f00000, 0x0000000100000000, 0x0000000100000000)
  eden space 663552K, 0% used [0x00000000d5f00000,0x00000000d5f00000,0x00000000fe700000)
  from space 12800K, 0% used [0x00000000fe700000,0x00000000fe700000,0x00000000ff380000)
  to   space 12800K, 0% used [0x00000000ff380000,0x00000000ff380000,0x0000000100000000)
 ParOldGen       total 594944K, used 397687K [0x0000000081c00000, 0x00000000a6100000, 0x00000000d5f00000)
  object space 594944K, 66% used [0x0000000081c00000,0x000000009a05de78,0x00000000a6100000)
 Metaspace       used 26413K, capacity 27288K, committed 27568K, reserved 1073152K
  class space    used 3486K, capacity 3676K, committed 3760K, reserved 1048576K
}
Event: 33.392 GC heap before
{Heap before GC invocations=19 (full 3):
 PSYoungGen      total 676352K, used 663552K [0x00000000d5f00000, 0x0000000100000000, 0x0000000100000000)
  eden space 663552K, 100% used [0x00000000d5f00000,0x00000000fe700000,0x00000000fe700000)
  from space 12800K, 0% used [0x00000000fe700000,0x00000000fe700000,0x00000000ff380000)
  to   space 12800K, 0% used [0x00000000ff380000,0x00000000ff380000,0x0000000100000000)
 ParOldGen       total 594944K, used 397687K [0x0000000081c00000, 0x00000000a6100000, 0x00000000d5f00000)
  object space 594944K, 66% used [0x0000000081c00000,0x000000009a05de78,0x00000000a6100000)
 Metaspace       used 29499K, capacity 30580K, committed 30896K, reserved 1075200K
  class space    used 3956K, capacity 4182K, committed 4272K, reserved 1048576K
Event: 33.472 GC heap after
Heap after GC invocations=19 (full 3):
 PSYoungGen      total 392704K, used 12797K [0x00000000d5f00000, 0x0000000100000000, 0x0000000100000000)
  eden space 379904K, 0% used [0x00000000d5f00000,0x00000000d5f00000,0x00000000ed200000)
  from space 12800K, 99% used [0x00000000ff380000,0x00000000fffff6c0,0x0000000100000000)
  to   space 154624K, 0% used [0x00000000ed200000,0x00000000ed200000,0x00000000f6900000)
 ParOldGen       total 699392K, used 698617K [0x0000000081c00000, 0x00000000ac700000, 0x00000000d5f00000)
  object space 699392K, 99% used [0x0000000081c00000,0x00000000ac63e5d8,0x00000000ac700000)
 Metaspace       used 29499K, capacity 30580K, committed 30896K, reserved 1075200K
  class space    used 3956K, capacity 4182K, committed 4272K, reserved 1048576K
}
Event: 33.472 GC heap before
{Heap before GC invocations=20 (full 4):
 PSYoungGen      total 392704K, used 12797K [0x00000000d5f00000, 0x0000000100000000, 0x0000000100000000)
  eden space 379904K, 0% used [0x00000000d5f00000,0x00000000d5f00000,0x00000000ed200000)
  from space 12800K, 99% used [0x00000000ff380000,0x00000000fffff6c0,0x0000000100000000)
  to   space 154624K, 0% used [0x00000000ed200000,0x00000000ed200000,0x00000000f6900000)
 ParOldGen       total 699392K, used 698617K [0x0000000081c00000, 0x00000000ac700000, 0x00000000d5f00000)
  object space 699392K, 99% used [0x0000000081c00000,0x00000000ac63e5d8,0x00000000ac700000)
 Metaspace       used 29499K, capacity 30580K, committed 30896K, reserved 1075200K
  class space    used 3956K, capacity 4182K, committed 4272K, reserved 1048576K
Event: 33.703 GC heap after
Heap after GC invocations=20 (full 4):
 PSYoungGen      total 392704K, used 9156K [0x00000000d5f00000, 0x0000000100000000, 0x0000000100000000)
  eden space 379904K, 0% used [0x00000000d5f00000,0x00000000d5f00000,0x00000000ed200000)
  from space 12800K, 71% used [0x00000000ff380000,0x00000000ffc711c0,0x0000000100000000)
  to   space 154624K, 0% used [0x00000000ed200000,0x00000000ed200000,0x00000000f6900000)
 ParOldGen       total 699392K, used 699215K [0x0000000081c00000, 0x00000000ac700000, 0x00000000d5f00000)
  object space 699392K, 99% used [0x0000000081c00000,0x00000000ac6d3c40,0x00000000ac700000)
 Metaspace       used 29499K, capacity 30580K, committed 30896K, reserved 1075200K
  class space    used 3956K, capacity 4182K, committed 4272K, reserved 1048576K
}

